2025-10-11 21:50:20,682 - INFO - UI Positive Tests - Starting UI test: Login
2025-10-11 21:50:20,683 - INFO - LOGIN_PAGE - Opening login page: https://the-internet.herokuapp.com/login
2025-10-11 21:50:26,811 - INFO - LOGIN_PAGE - Entering username
2025-10-11 21:50:26,817 - INFO - BASE_PAGE - Typing text into element: ('id', 'username')
2025-10-11 21:50:26,818 - INFO - BASE_PAGE - Finding element with locator: ('id', 'username')
2025-10-11 21:50:26,834 - INFO - BASE_PAGE - Element found: ('id', 'username')
2025-10-11 21:50:27,015 - INFO - LOGIN_PAGE - Entering password
2025-10-11 21:50:27,016 - INFO - BASE_PAGE - Typing text into element: ('id', 'password')
2025-10-11 21:50:27,018 - INFO - BASE_PAGE - Finding element with locator: ('id', 'password')
2025-10-11 21:50:27,036 - INFO - BASE_PAGE - Element found: ('id', 'password')
2025-10-11 21:50:27,195 - INFO - LOGIN_PAGE - Clicking login button
2025-10-11 21:50:27,196 - INFO - BASE_PAGE - Clicking element: ('xpath', "//*[@id='login']/button")
2025-10-11 21:50:27,196 - INFO - BASE_PAGE - Finding element with locator: ('xpath', "//*[@id='login']/button")
2025-10-11 21:50:27,212 - INFO - BASE_PAGE - Element found: ('xpath', "//*[@id='login']/button")
2025-10-11 21:50:27,297 - INFO - BASE_PAGE - Getting text from element: ('xpath', "//*[@id='flash']")
2025-10-11 21:50:27,298 - INFO - BASE_PAGE - Finding element with locator: ('xpath', "//*[@id='flash']")
2025-10-11 21:50:28,108 - INFO - BASE_PAGE - Element found: ('xpath', "//*[@id='flash']")
2025-10-11 21:50:28,141 - INFO - LOGIN_PAGE - Success message displayed: You logged into a secure area!
×
2025-10-11 21:50:28,142 - INFO - UI Positive Tests - Login test completed
