2025-10-11 21:50:39,307 - INFO - CONFTST - Initializing WebDriver...
2025-10-11 21:50:39,308 - INFO - BROWSER_SETUP - Initializing Chrome WebDriver...
2025-10-11 21:50:40,761 - INFO - UI Positive Tests - Starting UI test: Login
2025-10-11 21:50:40,762 - INFO - LOGIN_PAGE - Opening login page: https://the-internet.herokuapp.com/login
2025-10-11 21:50:46,575 - INFO - LOGIN_PAGE - Entering username
2025-10-11 21:50:46,578 - INFO - BASE_PAGE - Typing text into element: ('id', 'username')
2025-10-11 21:50:46,579 - INFO - BASE_PAGE - Finding element with locator: ('id', 'username')
2025-10-11 21:50:46,624 - INFO - BASE_PAGE - Element found: ('id', 'username')
2025-10-11 21:50:46,844 - INFO - LOGIN_PAGE - Entering password
2025-10-11 21:50:46,846 - INFO - BASE_PAGE - Typing text into element: ('id', 'password')
2025-10-11 21:50:46,860 - INFO - BASE_PAGE - Finding element with locator: ('id', 'password')
2025-10-11 21:50:46,882 - INFO - BASE_PAGE - Element found: ('id', 'password')
2025-10-11 21:50:47,056 - INFO - LOGIN_PAGE - Clicking login button
2025-10-11 21:50:47,057 - INFO - BASE_PAGE - Clicking element: ('xpath', "//*[@id='login']/button")
2025-10-11 21:50:47,058 - INFO - BASE_PAGE - Finding element with locator: ('xpath', "//*[@id='login']/button")
2025-10-11 21:50:47,079 - INFO - BASE_PAGE - Element found: ('xpath', "//*[@id='login']/button")
2025-10-11 21:50:47,211 - INFO - BASE_PAGE - Getting text from element: ('xpath', "//*[@id='flash']")
2025-10-11 21:50:47,212 - INFO - BASE_PAGE - Finding element with locator: ('xpath', "//*[@id='flash']")
2025-10-11 21:50:48,038 - INFO - BASE_PAGE - Element found: ('xpath', "//*[@id='flash']")
2025-10-11 21:50:48,062 - INFO - LOGIN_PAGE - Success message displayed: You logged into a secure area!
×
2025-10-11 21:50:48,063 - INFO - UI Positive Tests - Login test completed
2025-10-11 21:50:52,342 - INFO - CONFTST - WebDriver session ended.
